<?xml version="1.0" encoding="UTF-8"?>
<!-- Generated by org.testng.reporters.JUnitReportReporter -->
<testsuite hostname="DESKTOP-DLASFTU" failures="0" tests="1" name="testCases.TC002_LoginTest" time="5.704" errors="0" timestamp="2024-10-12T16:08:46 IST" skipped="0">
  <testcase classname="testCases.TC002_LoginTest" name="verify_login" time="5.704"/>
</testsuite> <!-- testCases.TC002_LoginTest -->
