<?xml version="1.0" encoding="UTF-8"?>
<!-- Generated by org.testng.reporters.JUnitReportReporter -->
<testsuite hostname="DESKTOP-DLASFTU" failures="0" tests="4" name="testCases.TC003_loginDDT" time="35.436" errors="0" timestamp="2024-10-12T16:06:20 IST" skipped="0">
  <testcase classname="testCases.TC003_loginDDT" name="verify_LoginDDT" time="6.961"/>
  <testcase classname="testCases.TC003_loginDDT" name="verify_LoginDDT" time="3.492"/>
  <testcase classname="testCases.TC003_loginDDT" name="verify_LoginDDT" time="12.291"/>
  <testcase classname="testCases.TC003_loginDDT" name="verify_LoginDDT" time="12.692"/>
</testsuite> <!-- testCases.TC003_loginDDT -->
